<?xml version="1.0" encoding="UTF-8"?>
<!-- Generated by org.testng.reporters.JUnitReportReporter -->
<testsuite hostname="DESKTOP-RNSAS36" failures="0" tests="3" name="com.DemoBlaze.qa.testcases.LoginPageTest" time="10.506" errors="0" timestamp="2024-05-07T12:50:18 IST" skipped="0">
  <testcase classname="com.DemoBlaze.qa.testcases.LoginPageTest" name="loginPageTitleTest" time="2.460"/>
  <testcase classname="com.DemoBlaze.qa.testcases.LoginPageTest" name="loginLogoTest" time="4.742"/>
  <testcase classname="com.DemoBlaze.qa.testcases.LoginPageTest" name="loginTest" time="3.304"/>
</testsuite> <!-- com.DemoBlaze.qa.testcases.LoginPageTest -->
