<?xml version="1.0" encoding="UTF-8"?>
<!-- Generated by org.testng.reporters.JUnitReportReporter -->
<testsuite hostname="DESKTOP-RNSAS36" failures="0" tests="3" name="com.DemoBlaze.qa.testcases.LoginPageTest" time="12.766" errors="0" timestamp="2024-05-09T18:45:52 IST" skipped="0">
  <testcase classname="com.DemoBlaze.qa.testcases.LoginPageTest" name="loginPageTitleTest" time="2.694"/>
  <testcase classname="com.DemoBlaze.qa.testcases.LoginPageTest" name="loginLogoTest" time="4.807"/>
  <testcase classname="com.DemoBlaze.qa.testcases.LoginPageTest" name="loginTest" time="5.265"/>
</testsuite> <!-- com.DemoBlaze.qa.testcases.LoginPageTest -->
